2014/02/13 10:19:35 [error] [exception.CHttpException.404] exception 'CHttpException' with message 'Unable to resolve the request "list/index".' in /var/www/framework/web/CWebApplication.php:286
Stack trace:
#0 /var/www/framework/web/CWebApplication.php(141): CWebApplication->runController('list/index')
#1 /var/www/framework/base/CApplication.php(184): CWebApplication->processRequest()
#2 /var/www/app/index.php(13): CApplication->run()
#3 {main}
REQUEST_URI=/index.php?r=list/index
HTTP_REFERER=http://app.my/
---
2014/02/13 10:58:14 [error] [exception.CDbException] exception 'CDbException' with message 'CDbConnection failed to open the DB connection: SQLSTATE[28000] [1045] Access denied for user 'list'@'localhost' (using password: YES)' in /var/www/framework/db/CDbConnection.php:382
Stack trace:
#0 /var/www/framework/db/CDbConnection.php(330): CDbConnection->open()
#1 /var/www/framework/db/CDbConnection.php(308): CDbConnection->setActive(true)
#2 /var/www/framework/base/CModule.php(387): CDbConnection->init()
#3 /var/www/framework/base/CModule.php(103): CModule->getComponent('db')
#4 /var/www/framework/gii/generators/model/ModelCode.php(60): CModule->__get('db')
#5 /var/www/framework/web/CFormModel.php(39): ModelCode->init()
#6 /var/www/framework/gii/CCodeGenerator.php(153): CFormModel->__construct()
#7 /var/www/framework/gii/CCodeGenerator.php(63): CCodeGenerator->prepare()
#8 /var/www/framework/web/actions/CInlineAction.php(49): CCodeGenerator->actionIndex()
#9 /var/www/framework/web/CController.php(308): CInlineAction->runWithParams(Array)
#10 /var/www/framework/web/CController.php(286): CController->runAction(Object(CInlineAction))
#11 /var/www/framework/web/CController.php(265): CController->runActionWithFilters(Object(CInlineAction), Array)
#12 /var/www/framework/web/CWebApplication.php(282): CController->run('index')
#13 /var/www/framework/web/CWebApplication.php(141): CWebApplication->runController('gii/model/index')
#14 /var/www/framework/base/CApplication.php(184): CWebApplication->processRequest()
#15 /var/www/app/index.php(13): CApplication->run()
#16 {main}
REQUEST_URI=/index.php?r=gii/model/index
HTTP_REFERER=http://app.my/index.php?r=gii/default/index
---
2014/02/13 10:58:53 [error] [exception.CDbException] exception 'CDbException' with message 'CDbConnection failed to open the DB connection: SQLSTATE[28000] [1045] Access denied for user 'list'@'localhost' (using password: YES)' in /var/www/framework/db/CDbConnection.php:382
Stack trace:
#0 /var/www/framework/db/CDbConnection.php(330): CDbConnection->open()
#1 /var/www/framework/db/CDbConnection.php(308): CDbConnection->setActive(true)
#2 /var/www/framework/base/CModule.php(387): CDbConnection->init()
#3 /var/www/framework/base/CModule.php(103): CModule->getComponent('db')
#4 /var/www/framework/gii/generators/model/ModelCode.php(60): CModule->__get('db')
#5 /var/www/framework/web/CFormModel.php(39): ModelCode->init()
#6 /var/www/framework/gii/CCodeGenerator.php(153): CFormModel->__construct()
#7 /var/www/framework/gii/CCodeGenerator.php(63): CCodeGenerator->prepare()
#8 /var/www/framework/web/actions/CInlineAction.php(49): CCodeGenerator->actionIndex()
#9 /var/www/framework/web/CController.php(308): CInlineAction->runWithParams(Array)
#10 /var/www/framework/web/CController.php(286): CController->runAction(Object(CInlineAction))
#11 /var/www/framework/web/CController.php(265): CController->runActionWithFilters(Object(CInlineAction), Array)
#12 /var/www/framework/web/CWebApplication.php(282): CController->run('index')
#13 /var/www/framework/web/CWebApplication.php(141): CWebApplication->runController('gii/model/index')
#14 /var/www/framework/base/CApplication.php(184): CWebApplication->processRequest()
#15 /var/www/app/index.php(13): CApplication->run()
#16 {main}
REQUEST_URI=/index.php?r=gii/model/index
HTTP_REFERER=http://app.my/index.php?r=gii/default/index
---
2014/02/13 10:58:54 [error] [exception.CDbException] exception 'CDbException' with message 'CDbConnection failed to open the DB connection: SQLSTATE[28000] [1045] Access denied for user 'list'@'localhost' (using password: YES)' in /var/www/framework/db/CDbConnection.php:382
Stack trace:
#0 /var/www/framework/db/CDbConnection.php(330): CDbConnection->open()
#1 /var/www/framework/db/CDbConnection.php(308): CDbConnection->setActive(true)
#2 /var/www/framework/base/CModule.php(387): CDbConnection->init()
#3 /var/www/framework/base/CModule.php(103): CModule->getComponent('db')
#4 /var/www/framework/gii/generators/model/ModelCode.php(60): CModule->__get('db')
#5 /var/www/framework/web/CFormModel.php(39): ModelCode->init()
#6 /var/www/framework/gii/CCodeGenerator.php(153): CFormModel->__construct()
#7 /var/www/framework/gii/CCodeGenerator.php(63): CCodeGenerator->prepare()
#8 /var/www/framework/web/actions/CInlineAction.php(49): CCodeGenerator->actionIndex()
#9 /var/www/framework/web/CController.php(308): CInlineAction->runWithParams(Array)
#10 /var/www/framework/web/CController.php(286): CController->runAction(Object(CInlineAction))
#11 /var/www/framework/web/CController.php(265): CController->runActionWithFilters(Object(CInlineAction), Array)
#12 /var/www/framework/web/CWebApplication.php(282): CController->run('index')
#13 /var/www/framework/web/CWebApplication.php(141): CWebApplication->runController('gii/model/index')
#14 /var/www/framework/base/CApplication.php(184): CWebApplication->processRequest()
#15 /var/www/app/index.php(13): CApplication->run()
#16 {main}
REQUEST_URI=/index.php?r=gii/model/index
HTTP_REFERER=http://app.my/index.php?r=gii/default/index
---
2014/02/13 11:05:01 [error] [exception.CDbException] exception 'CDbException' with message 'CDbConnection failed to open the DB connection: SQLSTATE[28000] [1045] Access denied for user 'list'@'localhost' (using password: YES)' in /var/www/framework/db/CDbConnection.php:382
Stack trace:
#0 /var/www/framework/db/CDbConnection.php(330): CDbConnection->open()
#1 /var/www/framework/db/CDbConnection.php(308): CDbConnection->setActive(true)
#2 /var/www/framework/base/CModule.php(387): CDbConnection->init()
#3 /var/www/framework/base/CModule.php(103): CModule->getComponent('db')
#4 /var/www/framework/gii/generators/model/ModelCode.php(60): CModule->__get('db')
#5 /var/www/framework/web/CFormModel.php(39): ModelCode->init()
#6 /var/www/framework/gii/CCodeGenerator.php(153): CFormModel->__construct()
#7 /var/www/framework/gii/CCodeGenerator.php(63): CCodeGenerator->prepare()
#8 /var/www/framework/web/actions/CInlineAction.php(49): CCodeGenerator->actionIndex()
#9 /var/www/framework/web/CController.php(308): CInlineAction->runWithParams(Array)
#10 /var/www/framework/web/CController.php(286): CController->runAction(Object(CInlineAction))
#11 /var/www/framework/web/CController.php(265): CController->runActionWithFilters(Object(CInlineAction), Array)
#12 /var/www/framework/web/CWebApplication.php(282): CController->run('index')
#13 /var/www/framework/web/CWebApplication.php(141): CWebApplication->runController('gii/model/index')
#14 /var/www/framework/base/CApplication.php(184): CWebApplication->processRequest()
#15 /var/www/app/index.php(13): CApplication->run()
#16 {main}
REQUEST_URI=/index.php?r=gii/model/index
HTTP_REFERER=http://app.my/index.php?r=gii/default/index
---
2014/02/13 11:05:02 [error] [exception.CDbException] exception 'CDbException' with message 'CDbConnection failed to open the DB connection: SQLSTATE[28000] [1045] Access denied for user 'list'@'localhost' (using password: YES)' in /var/www/framework/db/CDbConnection.php:382
Stack trace:
#0 /var/www/framework/db/CDbConnection.php(330): CDbConnection->open()
#1 /var/www/framework/db/CDbConnection.php(308): CDbConnection->setActive(true)
#2 /var/www/framework/base/CModule.php(387): CDbConnection->init()
#3 /var/www/framework/base/CModule.php(103): CModule->getComponent('db')
#4 /var/www/framework/gii/generators/model/ModelCode.php(60): CModule->__get('db')
#5 /var/www/framework/web/CFormModel.php(39): ModelCode->init()
#6 /var/www/framework/gii/CCodeGenerator.php(153): CFormModel->__construct()
#7 /var/www/framework/gii/CCodeGenerator.php(63): CCodeGenerator->prepare()
#8 /var/www/framework/web/actions/CInlineAction.php(49): CCodeGenerator->actionIndex()
#9 /var/www/framework/web/CController.php(308): CInlineAction->runWithParams(Array)
#10 /var/www/framework/web/CController.php(286): CController->runAction(Object(CInlineAction))
#11 /var/www/framework/web/CController.php(265): CController->runActionWithFilters(Object(CInlineAction), Array)
#12 /var/www/framework/web/CWebApplication.php(282): CController->run('index')
#13 /var/www/framework/web/CWebApplication.php(141): CWebApplication->runController('gii/model/index')
#14 /var/www/framework/base/CApplication.php(184): CWebApplication->processRequest()
#15 /var/www/app/index.php(13): CApplication->run()
#16 {main}
REQUEST_URI=/index.php?r=gii/model/index
HTTP_REFERER=http://app.my/index.php?r=gii/default/index
---
2014/02/13 11:05:05 [error] [exception.CDbException] exception 'CDbException' with message 'CDbConnection failed to open the DB connection: SQLSTATE[28000] [1045] Access denied for user 'list'@'localhost' (using password: YES)' in /var/www/framework/db/CDbConnection.php:382
Stack trace:
#0 /var/www/framework/db/CDbConnection.php(330): CDbConnection->open()
#1 /var/www/framework/db/CDbConnection.php(308): CDbConnection->setActive(true)
#2 /var/www/framework/base/CModule.php(387): CDbConnection->init()
#3 /var/www/framework/base/CModule.php(103): CModule->getComponent('db')
#4 /var/www/framework/gii/generators/model/ModelCode.php(60): CModule->__get('db')
#5 /var/www/framework/web/CFormModel.php(39): ModelCode->init()
#6 /var/www/framework/gii/CCodeGenerator.php(153): CFormModel->__construct()
#7 /var/www/framework/gii/CCodeGenerator.php(63): CCodeGenerator->prepare()
#8 /var/www/framework/web/actions/CInlineAction.php(49): CCodeGenerator->actionIndex()
#9 /var/www/framework/web/CController.php(308): CInlineAction->runWithParams(Array)
#10 /var/www/framework/web/CController.php(286): CController->runAction(Object(CInlineAction))
#11 /var/www/framework/web/CController.php(265): CController->runActionWithFilters(Object(CInlineAction), Array)
#12 /var/www/framework/web/CWebApplication.php(282): CController->run('index')
#13 /var/www/framework/web/CWebApplication.php(141): CWebApplication->runController('gii/model/index')
#14 /var/www/framework/base/CApplication.php(184): CWebApplication->processRequest()
#15 /var/www/app/index.php(13): CApplication->run()
#16 {main}
REQUEST_URI=/index.php?r=gii/model/index
HTTP_REFERER=http://app.my/index.php?r=gii/default/index
---
2014/02/13 11:05:05 [error] [exception.CDbException] exception 'CDbException' with message 'CDbConnection failed to open the DB connection: SQLSTATE[28000] [1045] Access denied for user 'list'@'localhost' (using password: YES)' in /var/www/framework/db/CDbConnection.php:382
Stack trace:
#0 /var/www/framework/db/CDbConnection.php(330): CDbConnection->open()
#1 /var/www/framework/db/CDbConnection.php(308): CDbConnection->setActive(true)
#2 /var/www/framework/base/CModule.php(387): CDbConnection->init()
#3 /var/www/framework/base/CModule.php(103): CModule->getComponent('db')
#4 /var/www/framework/gii/generators/model/ModelCode.php(60): CModule->__get('db')
#5 /var/www/framework/web/CFormModel.php(39): ModelCode->init()
#6 /var/www/framework/gii/CCodeGenerator.php(153): CFormModel->__construct()
#7 /var/www/framework/gii/CCodeGenerator.php(63): CCodeGenerator->prepare()
#8 /var/www/framework/web/actions/CInlineAction.php(49): CCodeGenerator->actionIndex()
#9 /var/www/framework/web/CController.php(308): CInlineAction->runWithParams(Array)
#10 /var/www/framework/web/CController.php(286): CController->runAction(Object(CInlineAction))
#11 /var/www/framework/web/CController.php(265): CController->runActionWithFilters(Object(CInlineAction), Array)
#12 /var/www/framework/web/CWebApplication.php(282): CController->run('index')
#13 /var/www/framework/web/CWebApplication.php(141): CWebApplication->runController('gii/model/index')
#14 /var/www/framework/base/CApplication.php(184): CWebApplication->processRequest()
#15 /var/www/app/index.php(13): CApplication->run()
#16 {main}
REQUEST_URI=/index.php?r=gii/model/index
HTTP_REFERER=http://app.my/index.php?r=gii/default/index
---
2014/02/13 11:05:06 [error] [exception.CDbException] exception 'CDbException' with message 'CDbConnection failed to open the DB connection: SQLSTATE[28000] [1045] Access denied for user 'list'@'localhost' (using password: YES)' in /var/www/framework/db/CDbConnection.php:382
Stack trace:
#0 /var/www/framework/db/CDbConnection.php(330): CDbConnection->open()
#1 /var/www/framework/db/CDbConnection.php(308): CDbConnection->setActive(true)
#2 /var/www/framework/base/CModule.php(387): CDbConnection->init()
#3 /var/www/framework/base/CModule.php(103): CModule->getComponent('db')
#4 /var/www/framework/gii/generators/model/ModelCode.php(60): CModule->__get('db')
#5 /var/www/framework/web/CFormModel.php(39): ModelCode->init()
#6 /var/www/framework/gii/CCodeGenerator.php(153): CFormModel->__construct()
#7 /var/www/framework/gii/CCodeGenerator.php(63): CCodeGenerator->prepare()
#8 /var/www/framework/web/actions/CInlineAction.php(49): CCodeGenerator->actionIndex()
#9 /var/www/framework/web/CController.php(308): CInlineAction->runWithParams(Array)
#10 /var/www/framework/web/CController.php(286): CController->runAction(Object(CInlineAction))
#11 /var/www/framework/web/CController.php(265): CController->runActionWithFilters(Object(CInlineAction), Array)
#12 /var/www/framework/web/CWebApplication.php(282): CController->run('index')
#13 /var/www/framework/web/CWebApplication.php(141): CWebApplication->runController('gii/model/index')
#14 /var/www/framework/base/CApplication.php(184): CWebApplication->processRequest()
#15 /var/www/app/index.php(13): CApplication->run()
#16 {main}
REQUEST_URI=/index.php?r=gii/model/index
HTTP_REFERER=http://app.my/index.php?r=gii/default/index
---
2014/02/13 11:05:39 [error] [exception.CDbException] exception 'CDbException' with message 'CDbConnection failed to open the DB connection: SQLSTATE[42000] [1049] Unknown database 'list'' in /var/www/framework/db/CDbConnection.php:382
Stack trace:
#0 /var/www/framework/db/CDbConnection.php(330): CDbConnection->open()
#1 /var/www/framework/db/CDbConnection.php(308): CDbConnection->setActive(true)
#2 /var/www/framework/base/CModule.php(387): CDbConnection->init()
#3 /var/www/framework/base/CModule.php(103): CModule->getComponent('db')
#4 /var/www/framework/gii/generators/model/ModelCode.php(60): CModule->__get('db')
#5 /var/www/framework/web/CFormModel.php(39): ModelCode->init()
#6 /var/www/framework/gii/CCodeGenerator.php(153): CFormModel->__construct()
#7 /var/www/framework/gii/CCodeGenerator.php(63): CCodeGenerator->prepare()
#8 /var/www/framework/web/actions/CInlineAction.php(49): CCodeGenerator->actionIndex()
#9 /var/www/framework/web/CController.php(308): CInlineAction->runWithParams(Array)
#10 /var/www/framework/web/CController.php(286): CController->runAction(Object(CInlineAction))
#11 /var/www/framework/web/CController.php(265): CController->runActionWithFilters(Object(CInlineAction), Array)
#12 /var/www/framework/web/CWebApplication.php(282): CController->run('index')
#13 /var/www/framework/web/CWebApplication.php(141): CWebApplication->runController('gii/model/index')
#14 /var/www/framework/base/CApplication.php(184): CWebApplication->processRequest()
#15 /var/www/app/index.php(13): CApplication->run()
#16 {main}
REQUEST_URI=/index.php?r=gii/model/index
HTTP_REFERER=http://app.my/index.php?r=gii/default/index
---
2014/02/13 11:07:59 [error] [exception.CDbException] exception 'CDbException' with message 'CDbConnection failed to open the DB connection: SQLSTATE[HY000] [2002] Can't connect to local MySQL server through socket '/var/run/mysqld/mysqld.sock' (2)' in /var/www/framework/db/CDbConnection.php:382
Stack trace:
#0 /var/www/framework/db/CDbConnection.php(330): CDbConnection->open()
#1 /var/www/framework/db/CDbConnection.php(308): CDbConnection->setActive(true)
#2 /var/www/framework/base/CModule.php(387): CDbConnection->init()
#3 /var/www/framework/base/CModule.php(103): CModule->getComponent('db')
#4 /var/www/framework/gii/generators/model/ModelCode.php(60): CModule->__get('db')
#5 /var/www/framework/web/CFormModel.php(39): ModelCode->init()
#6 /var/www/framework/gii/CCodeGenerator.php(153): CFormModel->__construct()
#7 /var/www/framework/gii/CCodeGenerator.php(63): CCodeGenerator->prepare()
#8 /var/www/framework/web/actions/CInlineAction.php(49): CCodeGenerator->actionIndex()
#9 /var/www/framework/web/CController.php(308): CInlineAction->runWithParams(Array)
#10 /var/www/framework/web/CController.php(286): CController->runAction(Object(CInlineAction))
#11 /var/www/framework/web/CController.php(265): CController->runActionWithFilters(Object(CInlineAction), Array)
#12 /var/www/framework/web/CWebApplication.php(282): CController->run('index')
#13 /var/www/framework/web/CWebApplication.php(141): CWebApplication->runController('gii/model/index')
#14 /var/www/framework/base/CApplication.php(184): CWebApplication->processRequest()
#15 /var/www/app/index.php(13): CApplication->run()
#16 {main}
REQUEST_URI=/index.php?r=gii/model/index
HTTP_REFERER=http://app.my/index.php?r=gii/model/index
---
2014/02/13 11:11:11 [error] [exception.CDbException] exception 'CDbException' with message 'CDbConnection failed to open the DB connection: SQLSTATE[HY000] [2002] Can't connect to local MySQL server through socket '/var/run/mysqld/mysqld.sock' (2)' in /var/www/framework/db/CDbConnection.php:382
Stack trace:
#0 /var/www/framework/db/CDbConnection.php(330): CDbConnection->open()
#1 /var/www/framework/db/CDbConnection.php(308): CDbConnection->setActive(true)
#2 /var/www/framework/base/CModule.php(387): CDbConnection->init()
#3 /var/www/framework/base/CModule.php(103): CModule->getComponent('db')
#4 /var/www/framework/gii/generators/model/ModelCode.php(60): CModule->__get('db')
#5 /var/www/framework/web/CFormModel.php(39): ModelCode->init()
#6 /var/www/framework/gii/CCodeGenerator.php(153): CFormModel->__construct()
#7 /var/www/framework/gii/CCodeGenerator.php(63): CCodeGenerator->prepare()
#8 /var/www/framework/web/actions/CInlineAction.php(49): CCodeGenerator->actionIndex()
#9 /var/www/framework/web/CController.php(308): CInlineAction->runWithParams(Array)
#10 /var/www/framework/web/CController.php(286): CController->runAction(Object(CInlineAction))
#11 /var/www/framework/web/CController.php(265): CController->runActionWithFilters(Object(CInlineAction), Array)
#12 /var/www/framework/web/CWebApplication.php(282): CController->run('index')
#13 /var/www/framework/web/CWebApplication.php(141): CWebApplication->runController('gii/model/index')
#14 /var/www/framework/base/CApplication.php(184): CWebApplication->processRequest()
#15 /var/www/app/index.php(13): CApplication->run()
#16 {main}
REQUEST_URI=/index.php?r=gii/model/index
---
2014/02/13 11:11:13 [error] [exception.CDbException] exception 'CDbException' with message 'CDbConnection failed to open the DB connection: SQLSTATE[HY000] [2002] Can't connect to local MySQL server through socket '/var/run/mysqld/mysqld.sock' (2)' in /var/www/framework/db/CDbConnection.php:382
Stack trace:
#0 /var/www/framework/db/CDbConnection.php(330): CDbConnection->open()
#1 /var/www/framework/db/CDbConnection.php(308): CDbConnection->setActive(true)
#2 /var/www/framework/base/CModule.php(387): CDbConnection->init()
#3 /var/www/framework/base/CModule.php(103): CModule->getComponent('db')
#4 /var/www/framework/gii/generators/model/ModelCode.php(60): CModule->__get('db')
#5 /var/www/framework/web/CFormModel.php(39): ModelCode->init()
#6 /var/www/framework/gii/CCodeGenerator.php(153): CFormModel->__construct()
#7 /var/www/framework/gii/CCodeGenerator.php(63): CCodeGenerator->prepare()
#8 /var/www/framework/web/actions/CInlineAction.php(49): CCodeGenerator->actionIndex()
#9 /var/www/framework/web/CController.php(308): CInlineAction->runWithParams(Array)
#10 /var/www/framework/web/CController.php(286): CController->runAction(Object(CInlineAction))
#11 /var/www/framework/web/CController.php(265): CController->runActionWithFilters(Object(CInlineAction), Array)
#12 /var/www/framework/web/CWebApplication.php(282): CController->run('index')
#13 /var/www/framework/web/CWebApplication.php(141): CWebApplication->runController('gii/model/index')
#14 /var/www/framework/base/CApplication.php(184): CWebApplication->processRequest()
#15 /var/www/app/index.php(13): CApplication->run()
#16 {main}
REQUEST_URI=/index.php?r=gii/model/index
---
2014/02/13 11:11:19 [error] [exception.CDbException] exception 'CDbException' with message 'CDbConnection failed to open the DB connection: SQLSTATE[HY000] [2002] Can't connect to local MySQL server through socket '/var/run/mysqld/mysqld.sock' (2)' in /var/www/framework/db/CDbConnection.php:382
Stack trace:
#0 /var/www/framework/db/CDbConnection.php(330): CDbConnection->open()
#1 /var/www/framework/db/CDbConnection.php(308): CDbConnection->setActive(true)
#2 /var/www/framework/base/CModule.php(387): CDbConnection->init()
#3 /var/www/framework/base/CModule.php(103): CModule->getComponent('db')
#4 /var/www/framework/gii/generators/model/ModelCode.php(60): CModule->__get('db')
#5 /var/www/framework/web/CFormModel.php(39): ModelCode->init()
#6 /var/www/framework/gii/CCodeGenerator.php(153): CFormModel->__construct()
#7 /var/www/framework/gii/CCodeGenerator.php(63): CCodeGenerator->prepare()
#8 /var/www/framework/web/actions/CInlineAction.php(49): CCodeGenerator->actionIndex()
#9 /var/www/framework/web/CController.php(308): CInlineAction->runWithParams(Array)
#10 /var/www/framework/web/CController.php(286): CController->runAction(Object(CInlineAction))
#11 /var/www/framework/web/CController.php(265): CController->runActionWithFilters(Object(CInlineAction), Array)
#12 /var/www/framework/web/CWebApplication.php(282): CController->run('index')
#13 /var/www/framework/web/CWebApplication.php(141): CWebApplication->runController('gii/model/index')
#14 /var/www/framework/base/CApplication.php(184): CWebApplication->processRequest()
#15 /var/www/app/index.php(13): CApplication->run()
#16 {main}
REQUEST_URI=/index.php?r=gii/model/index
HTTP_REFERER=http://app.my/index.php?r=gii
---
2014/02/13 11:22:11 [error] [exception.CHttpException.404] exception 'CHttpException' with message 'Unable to resolve the request "list/index".' in /var/www/framework/web/CWebApplication.php:286
Stack trace:
#0 /var/www/framework/web/CWebApplication.php(141): CWebApplication->runController('list/index')
#1 /var/www/framework/base/CApplication.php(184): CWebApplication->processRequest()
#2 /var/www/app/index.php(13): CApplication->run()
#3 {main}
REQUEST_URI=/index.php?r=list/index
HTTP_REFERER=http://app.my/
---
2014/02/13 11:22:15 [error] [exception.CHttpException.404] exception 'CHttpException' with message 'Unable to resolve the request "list/index".' in /var/www/framework/web/CWebApplication.php:286
Stack trace:
#0 /var/www/framework/web/CWebApplication.php(141): CWebApplication->runController('list/index')
#1 /var/www/framework/base/CApplication.php(184): CWebApplication->processRequest()
#2 /var/www/app/index.php(13): CApplication->run()
#3 {main}
REQUEST_URI=/index.php?r=list/index
HTTP_REFERER=http://app.my/
---
2014/02/13 11:22:23 [error] [exception.CHttpException.404] exception 'CHttpException' with message 'Unable to resolve the request "list/index".' in /var/www/framework/web/CWebApplication.php:286
Stack trace:
#0 /var/www/framework/web/CWebApplication.php(141): CWebApplication->runController('list/index')
#1 /var/www/framework/base/CApplication.php(184): CWebApplication->processRequest()
#2 /var/www/app/index.php(13): CApplication->run()
#3 {main}
REQUEST_URI=/index.php?r=list/index
HTTP_REFERER=http://app.my/
---
2014/02/13 11:39:27 [error] [exception.CException] exception 'CException' with message 'CClientScript and its behaviors do not have a method or closure named "regiterScriptFile".' in /var/www/framework/base/CComponent.php:266
Stack trace:
#0 /var/www/app/protected/controllers/ListController.php(8): CComponent->__call('regiterScriptFi...', Array)
#1 /var/www/app/protected/controllers/ListController.php(8): CClientScript->regiterScriptFile('/js/jquery.nest...', 0)
#2 /var/www/framework/web/actions/CInlineAction.php(49): ListController->actionIndex()
#3 /var/www/framework/web/CController.php(308): CInlineAction->runWithParams(Array)
#4 /var/www/framework/web/CController.php(286): CController->runAction(Object(CInlineAction))
#5 /var/www/framework/web/CController.php(265): CController->runActionWithFilters(Object(CInlineAction), Array)
#6 /var/www/framework/web/CWebApplication.php(282): CController->run('index')
#7 /var/www/framework/web/CWebApplication.php(141): CWebApplication->runController('list/index')
#8 /var/www/framework/base/CApplication.php(184): CWebApplication->processRequest()
#9 /var/www/app/index.php(13): CApplication->run()
#10 {main}
REQUEST_URI=/index.php?r=list/index
HTTP_REFERER=http://app.my/index.php?r=site/login
---
2014/02/13 11:55:23 [error] [system.db.CDbCommand] CDbCommand::fetchAll() failed: SQLSTATE[42000]: Syntax error or access violation: 1064 You have an error in your SQL syntax; check the manual that corresponds to your MySQL server version for the right syntax to use near 'WHERE status = 1
ORDER BY `priority` ASC' at line 2. The SQL statement executed was: SELECT `id`, `text`
WHERE status = 1
ORDER BY `priority` ASC.
in /var/www/app/protected/controllers/ListController.php (14)
in /var/www/app/index.php (13)
2014/02/13 11:55:23 [error] [exception.CDbException] exception 'CDbException' with message 'CDbCommand failed to execute the SQL statement: SQLSTATE[42000]: Syntax error or access violation: 1064 You have an error in your SQL syntax; check the manual that corresponds to your MySQL server version for the right syntax to use near 'WHERE status = 1
ORDER BY `priority` ASC' at line 2. The SQL statement executed was: SELECT `id`, `text`
WHERE status = 1
ORDER BY `priority` ASC' in /var/www/framework/db/CDbCommand.php:543
Stack trace:
#0 /var/www/framework/db/CDbCommand.php(396): CDbCommand->queryInternal('fetchAll', Array, Array)
#1 /var/www/app/protected/controllers/ListController.php(14): CDbCommand->queryAll()
#2 /var/www/framework/web/actions/CInlineAction.php(49): ListController->actionData()
#3 /var/www/framework/web/CController.php(308): CInlineAction->runWithParams(Array)
#4 /var/www/framework/web/CController.php(286): CController->runAction(Object(CInlineAction))
#5 /var/www/framework/web/CController.php(265): CController->runActionWithFilters(Object(CInlineAction), Array)
#6 /var/www/framework/web/CWebApplication.php(282): CController->run('data')
#7 /var/www/framework/web/CWebApplication.php(141): CWebApplication->runController('list/data')
#8 /var/www/framework/base/CApplication.php(184): CWebApplication->processRequest()
#9 /var/www/app/index.php(13): CApplication->run()
#10 {main}
REQUEST_URI=/index.php?r=list/data
HTTP_REFERER=http://app.my/index.php?r=list/index
---
2014/02/13 12:40:39 [error] [exception.CHttpException.404] exception 'CHttpException' with message 'The system is unable to find the requested action "data,".' in /var/www/framework/web/CController.php:483
Stack trace:
#0 /var/www/framework/web/CController.php(270): CController->missingAction('data,')
#1 /var/www/framework/web/CWebApplication.php(282): CController->run('data,')
#2 /var/www/framework/web/CWebApplication.php(141): CWebApplication->runController('list/data,/inde...')
#3 /var/www/framework/base/CApplication.php(184): CWebApplication->processRequest()
#4 /var/www/app/index.php(13): CApplication->run()
#5 {main}
REQUEST_URI=/index.php?r=list/data,/index.php?r=list/save,/index.php?r=list/remove,/index.php?r=list/update
HTTP_REFERER=http://app.my/index.php?r=list/index
---
2014/02/13 15:29:12 [error] [system.db.CDbCommand] CDbCommand::fetch() failed: SQLSTATE[42000]: Syntax error or access violation: 1064 You have an error in your SQL syntax; check the manual that corresponds to your MySQL server version for the right syntax to use near '{list}} where status = 1' at line 1. The SQL statement executed was: select max(priority) as m from {{list}} where status = 1.
in /var/www/app/protected/controllers/ListController.php (65)
in /var/www/app/protected/controllers/ListController.php (47)
in /var/www/app/index.php (13)
2014/02/13 15:29:12 [error] [exception.CDbException] exception 'CDbException' with message 'CDbCommand failed to execute the SQL statement: SQLSTATE[42000]: Syntax error or access violation: 1064 You have an error in your SQL syntax; check the manual that corresponds to your MySQL server version for the right syntax to use near '{list}} where status = 1' at line 1. The SQL statement executed was: select max(priority) as m from {{list}} where status = 1' in /var/www/framework/db/CDbCommand.php:543
Stack trace:
#0 /var/www/framework/db/CDbCommand.php(415): CDbCommand->queryInternal('fetch', Array, Array)
#1 /var/www/app/protected/controllers/ListController.php(65): CDbCommand->queryRow()
#2 /var/www/app/protected/controllers/ListController.php(47): ListController->getLastPriority()
#3 /var/www/framework/web/actions/CInlineAction.php(49): ListController->actionUpdate()
#4 /var/www/framework/web/CController.php(308): CInlineAction->runWithParams(Array)
#5 /var/www/framework/web/CController.php(286): CController->runAction(Object(CInlineAction))
#6 /var/www/framework/web/CController.php(265): CController->runActionWithFilters(Object(CInlineAction), Array)
#7 /var/www/framework/web/CWebApplication.php(282): CController->run('update')
#8 /var/www/framework/web/CWebApplication.php(141): CWebApplication->runController('list/update')
#9 /var/www/framework/base/CApplication.php(184): CWebApplication->processRequest()
#10 /var/www/app/index.php(13): CApplication->run()
#11 {main}
REQUEST_URI=/index.php?r=list/update
HTTP_REFERER=http://app.my/index.php?r=list/index
---
2014/02/13 15:29:37 [error] [system.db.CDbCommand] CDbCommand::fetch() failed: SQLSTATE[42000]: Syntax error or access violation: 1064 You have an error in your SQL syntax; check the manual that corresponds to your MySQL server version for the right syntax to use near '{data}} where status = 1' at line 1. The SQL statement executed was: select max(priority) as m from {{data}} where status = 1.
in /var/www/app/protected/controllers/ListController.php (65)
in /var/www/app/protected/controllers/ListController.php (47)
in /var/www/app/index.php (13)
2014/02/13 15:29:37 [error] [exception.CDbException] exception 'CDbException' with message 'CDbCommand failed to execute the SQL statement: SQLSTATE[42000]: Syntax error or access violation: 1064 You have an error in your SQL syntax; check the manual that corresponds to your MySQL server version for the right syntax to use near '{data}} where status = 1' at line 1. The SQL statement executed was: select max(priority) as m from {{data}} where status = 1' in /var/www/framework/db/CDbCommand.php:543
Stack trace:
#0 /var/www/framework/db/CDbCommand.php(415): CDbCommand->queryInternal('fetch', Array, Array)
#1 /var/www/app/protected/controllers/ListController.php(65): CDbCommand->queryRow()
#2 /var/www/app/protected/controllers/ListController.php(47): ListController->getLastPriority()
#3 /var/www/framework/web/actions/CInlineAction.php(49): ListController->actionUpdate()
#4 /var/www/framework/web/CController.php(308): CInlineAction->runWithParams(Array)
#5 /var/www/framework/web/CController.php(286): CController->runAction(Object(CInlineAction))
#6 /var/www/framework/web/CController.php(265): CController->runActionWithFilters(Object(CInlineAction), Array)
#7 /var/www/framework/web/CWebApplication.php(282): CController->run('update')
#8 /var/www/framework/web/CWebApplication.php(141): CWebApplication->runController('list/update')
#9 /var/www/framework/base/CApplication.php(184): CWebApplication->processRequest()
#10 /var/www/app/index.php(13): CApplication->run()
#11 {main}
REQUEST_URI=/index.php?r=list/update
HTTP_REFERER=http://app.my/index.php?r=list/index
---
2014/02/13 15:49:11 [error] [php] Undefined index: item (/var/www/app/protected/controllers/ListController.php:67)
Stack trace:
#0 /var/www/framework/web/CController.php(286): ListController->runAction()
#1 /var/www/framework/web/CController.php(265): ListController->runActionWithFilters()
#2 /var/www/framework/web/CWebApplication.php(282): ListController->run()
#3 /var/www/framework/web/CWebApplication.php(141): CWebApplication->runController()
#4 /var/www/framework/base/CApplication.php(184): CWebApplication->processRequest()
#5 /var/www/app/index.php(13): CWebApplication->run()
REQUEST_URI=/index.php?r=list/update
in /var/www/app/protected/controllers/ListController.php (67)
in /var/www/app/index.php (13)
2014/02/13 15:50:42 [error] [php] Illegal string offset 'item' (/var/www/app/protected/controllers/ListController.php:67)
Stack trace:
#0 /var/www/framework/web/CController.php(286): ListController->runAction()
#1 /var/www/framework/web/CController.php(265): ListController->runActionWithFilters()
#2 /var/www/framework/web/CWebApplication.php(282): ListController->run()
#3 /var/www/framework/web/CWebApplication.php(141): CWebApplication->runController()
#4 /var/www/framework/base/CApplication.php(184): CWebApplication->processRequest()
#5 /var/www/app/index.php(13): CWebApplication->run()
REQUEST_URI=/index.php?r=list/update
in /var/www/app/protected/controllers/ListController.php (67)
in /var/www/app/index.php (13)
2014/02/13 15:52:23 [error] [php] Undefined index: item (/var/www/app/protected/controllers/ListController.php:67)
Stack trace:
#0 /var/www/framework/web/CController.php(286): ListController->runAction()
#1 /var/www/framework/web/CController.php(265): ListController->runActionWithFilters()
#2 /var/www/framework/web/CWebApplication.php(282): ListController->run()
#3 /var/www/framework/web/CWebApplication.php(141): CWebApplication->runController()
#4 /var/www/framework/base/CApplication.php(184): CWebApplication->processRequest()
#5 /var/www/app/index.php(13): CWebApplication->run()
REQUEST_URI=/index.php?r=list/update
in /var/www/app/protected/controllers/ListController.php (67)
in /var/www/app/index.php (13)
2014/02/13 15:53:00 [error] [php] json_decode() expects parameter 1 to be string, array given (/var/www/app/protected/controllers/ListController.php:67)
Stack trace:
#0 /var/www/framework/web/CController.php(308): CInlineAction->runWithParams()
#1 /var/www/framework/web/CController.php(286): ListController->runAction()
#2 /var/www/framework/web/CController.php(265): ListController->runActionWithFilters()
#3 /var/www/framework/web/CWebApplication.php(282): ListController->run()
#4 /var/www/framework/web/CWebApplication.php(141): CWebApplication->runController()
#5 /var/www/framework/base/CApplication.php(184): CWebApplication->processRequest()
#6 /var/www/app/index.php(13): CWebApplication->run()
REQUEST_URI=/index.php?r=list/update
in /var/www/app/protected/controllers/ListController.php (67)
in /var/www/app/index.php (13)
2014/02/13 16:02:37 [error] [php] Undefined index: id (/var/www/app/protected/controllers/ListController.php:36)
Stack trace:
#0 /var/www/framework/web/CController.php(286): ListController->runAction()
#1 /var/www/framework/web/CController.php(265): ListController->runActionWithFilters()
#2 /var/www/framework/web/CWebApplication.php(282): ListController->run()
#3 /var/www/framework/web/CWebApplication.php(141): CWebApplication->runController()
#4 /var/www/framework/base/CApplication.php(184): CWebApplication->processRequest()
#5 /var/www/app/index.php(13): CWebApplication->run()
REQUEST_URI=/index.php?r=list/save
in /var/www/app/protected/controllers/ListController.php (36)
in /var/www/app/index.php (13)
2014/02/13 16:04:07 [error] [php] Illegal string offset 'id' (/var/www/app/protected/controllers/ListController.php:37)
Stack trace:
#0 /var/www/framework/web/CController.php(286): ListController->runAction()
#1 /var/www/framework/web/CController.php(265): ListController->runActionWithFilters()
#2 /var/www/framework/web/CWebApplication.php(282): ListController->run()
#3 /var/www/framework/web/CWebApplication.php(141): CWebApplication->runController()
#4 /var/www/framework/base/CApplication.php(184): CWebApplication->processRequest()
#5 /var/www/app/index.php(13): CWebApplication->run()
REQUEST_URI=/index.php?r=list/save
in /var/www/app/protected/controllers/ListController.php (37)
in /var/www/app/index.php (13)
2014/02/13 16:07:36 [error] [php] Undefined index: data (/var/www/app/protected/controllers/ListController.php:36)
Stack trace:
#0 /var/www/framework/web/CController.php(286): ListController->runAction()
#1 /var/www/framework/web/CController.php(265): ListController->runActionWithFilters()
#2 /var/www/framework/web/CWebApplication.php(282): ListController->run()
#3 /var/www/framework/web/CWebApplication.php(141): CWebApplication->runController()
#4 /var/www/framework/base/CApplication.php(184): CWebApplication->processRequest()
#5 /var/www/app/index.php(13): CWebApplication->run()
REQUEST_URI=/index.php?r=list/save
in /var/www/app/protected/controllers/ListController.php (36)
in /var/www/app/index.php (13)
2014/02/13 16:07:53 [error] [php] Undefined index: data (/var/www/app/protected/controllers/ListController.php:37)
Stack trace:
#0 /var/www/framework/web/CController.php(286): ListController->runAction()
#1 /var/www/framework/web/CController.php(265): ListController->runActionWithFilters()
#2 /var/www/framework/web/CWebApplication.php(282): ListController->run()
#3 /var/www/framework/web/CWebApplication.php(141): CWebApplication->runController()
#4 /var/www/framework/base/CApplication.php(184): CWebApplication->processRequest()
#5 /var/www/app/index.php(13): CWebApplication->run()
REQUEST_URI=/index.php?r=list/save
in /var/www/app/protected/controllers/ListController.php (37)
in /var/www/app/index.php (13)
2014/02/13 16:19:57 [error] [exception.CException] exception 'CException' with message 'Property "ListController.getNextPriority" is not defined.' in /var/www/framework/base/CComponent.php:130
Stack trace:
#0 /var/www/app/protected/controllers/ListController.php(52): CComponent->__get('getNextPriority')
#1 /var/www/framework/web/actions/CInlineAction.php(49): ListController->actionSave()
#2 /var/www/framework/web/CController.php(308): CInlineAction->runWithParams(Array)
#3 /var/www/framework/web/CController.php(286): CController->runAction(Object(CInlineAction))
#4 /var/www/framework/web/CController.php(265): CController->runActionWithFilters(Object(CInlineAction), Array)
#5 /var/www/framework/web/CWebApplication.php(282): CController->run('save')
#6 /var/www/framework/web/CWebApplication.php(141): CWebApplication->runController('list/save')
#7 /var/www/framework/base/CApplication.php(184): CWebApplication->processRequest()
#8 /var/www/app/index.php(13): CApplication->run()
#9 {main}
REQUEST_URI=/index.php?r=list/save
HTTP_REFERER=http://app.my/index.php?r=list/index
---
2014/02/13 16:20:47 [error] [php] Undefined index: id (/var/www/app/protected/controllers/ListController.php:96)
Stack trace:
#0 /var/www/framework/web/CController.php(286): ListController->runAction()
#1 /var/www/framework/web/CController.php(265): ListController->runActionWithFilters()
#2 /var/www/framework/web/CWebApplication.php(282): ListController->run()
#3 /var/www/framework/web/CWebApplication.php(141): CWebApplication->runController()
#4 /var/www/framework/base/CApplication.php(184): CWebApplication->processRequest()
#5 /var/www/app/index.php(13): CWebApplication->run()
REQUEST_URI=/index.php?r=list/remove
in /var/www/app/protected/controllers/ListController.php (96)
in /var/www/app/index.php (13)
2014/02/13 16:33:55 [error] [exception.CException] exception 'CException' with message 'Alias "components.behaviors.DataBehavior" is invalid. Make sure it points to an existing directory or file.' in /var/www/framework/YiiBase.php:348
Stack trace:
#0 /var/www/framework/YiiBase.php(196): YiiBase::import('components.beha...', true)
#1 /var/www/framework/base/CComponent.php(329): YiiBase::createComponent(Array)
#2 /var/www/framework/base/CComponent.php(298): CComponent->attachBehavior('DataBehavior', Array)
#3 /var/www/framework/db/ar/CActiveRecord.php(396): CComponent->attachBehaviors(Array)
#4 /var/www/app/protected/models/Data.php(107): CActiveRecord::model('Data')
#5 /var/www/app/protected/controllers/ListController.php(24): Data::model()
#6 /var/www/framework/web/actions/CInlineAction.php(49): ListController->actionData()
#7 /var/www/framework/web/CController.php(308): CInlineAction->runWithParams(Array)
#8 /var/www/framework/web/CController.php(286): CController->runAction(Object(CInlineAction))
#9 /var/www/framework/web/CController.php(265): CController->runActionWithFilters(Object(CInlineAction), Array)
#10 /var/www/framework/web/CWebApplication.php(282): CController->run('data')
#11 /var/www/framework/web/CWebApplication.php(141): CWebApplication->runController('list/data')
#12 /var/www/framework/base/CApplication.php(184): CWebApplication->processRequest()
#13 /var/www/app/index.php(13): CApplication->run()
#14 {main}
REQUEST_URI=/index.php?r=list/data
HTTP_REFERER=http://app.my/index.php?r=list/index
---
2014/02/13 16:34:14 [error] [exception.CException] exception 'CException' with message 'Alias "components.behaviors.DataBehavior" is invalid. Make sure it points to an existing directory or file.' in /var/www/framework/YiiBase.php:348
Stack trace:
#0 /var/www/framework/YiiBase.php(196): YiiBase::import('components.beha...', true)
#1 /var/www/framework/base/CComponent.php(329): YiiBase::createComponent(Array)
#2 /var/www/framework/base/CComponent.php(298): CComponent->attachBehavior('DataBehavior', Array)
#3 /var/www/framework/db/ar/CActiveRecord.php(396): CComponent->attachBehaviors(Array)
#4 /var/www/app/protected/models/Data.php(107): CActiveRecord::model('Data')
#5 /var/www/app/protected/controllers/ListController.php(24): Data::model()
#6 /var/www/framework/web/actions/CInlineAction.php(49): ListController->actionData()
#7 /var/www/framework/web/CController.php(308): CInlineAction->runWithParams(Array)
#8 /var/www/framework/web/CController.php(286): CController->runAction(Object(CInlineAction))
#9 /var/www/framework/web/CController.php(265): CController->runActionWithFilters(Object(CInlineAction), Array)
#10 /var/www/framework/web/CWebApplication.php(282): CController->run('data')
#11 /var/www/framework/web/CWebApplication.php(141): CWebApplication->runController('list/data')
#12 /var/www/framework/base/CApplication.php(184): CWebApplication->processRequest()
#13 /var/www/app/index.php(13): CApplication->run()
#14 {main}
REQUEST_URI=/index.php?r=list/data
HTTP_REFERER=http://app.my/index.php?r=list/index
---
2014/02/13 17:05:54 [error] [system.db.CDbCommand] CDbCommand::fetch() failed: SQLSTATE[42S02]: Base table or view not found: 1146 Table 'test.history' doesn't exist. The SQL statement executed was: select max(step) as m from history where status = 1.
in /var/www/app/protected/controllers/ListController.php (141)
in /var/www/app/protected/controllers/ListController.php (28)
in /var/www/app/index.php (13)
2014/02/13 17:05:54 [error] [exception.CDbException] exception 'CDbException' with message 'CDbCommand failed to execute the SQL statement: SQLSTATE[42S02]: Base table or view not found: 1146 Table 'test.history' doesn't exist. The SQL statement executed was: select max(step) as m from history where status = 1' in /var/www/framework/db/CDbCommand.php:543
Stack trace:
#0 /var/www/framework/db/CDbCommand.php(415): CDbCommand->queryInternal('fetch', Array, Array)
#1 /var/www/app/protected/controllers/ListController.php(141): CDbCommand->queryRow()
#2 /var/www/app/protected/controllers/ListController.php(28): ListController->getMaxHistoryStep()
#3 /var/www/framework/web/actions/CInlineAction.php(49): ListController->actionData()
#4 /var/www/framework/web/CController.php(308): CInlineAction->runWithParams(Array)
#5 /var/www/framework/web/CController.php(286): CController->runAction(Object(CInlineAction))
#6 /var/www/framework/web/CController.php(265): CController->runActionWithFilters(Object(CInlineAction), Array)
#7 /var/www/framework/web/CWebApplication.php(282): CController->run('data')
#8 /var/www/framework/web/CWebApplication.php(141): CWebApplication->runController('list/data')
#9 /var/www/framework/base/CApplication.php(184): CWebApplication->processRequest()
#10 /var/www/app/index.php(13): CApplication->run()
#11 {main}
REQUEST_URI=/index.php?r=list/data
HTTP_REFERER=http://app.my/index.php?r=list/index
---
2014/02/13 17:06:09 [error] [system.db.CDbCommand] CDbCommand::fetch() failed: SQLSTATE[42S22]: Column not found: 1054 Unknown column 'status' in 'where clause'. The SQL statement executed was: select max(step) as m from hist where status = 1.
in /var/www/app/protected/controllers/ListController.php (141)
in /var/www/app/protected/controllers/ListController.php (28)
in /var/www/app/index.php (13)
2014/02/13 17:06:09 [error] [exception.CDbException] exception 'CDbException' with message 'CDbCommand failed to execute the SQL statement: SQLSTATE[42S22]: Column not found: 1054 Unknown column 'status' in 'where clause'. The SQL statement executed was: select max(step) as m from hist where status = 1' in /var/www/framework/db/CDbCommand.php:543
Stack trace:
#0 /var/www/framework/db/CDbCommand.php(415): CDbCommand->queryInternal('fetch', Array, Array)
#1 /var/www/app/protected/controllers/ListController.php(141): CDbCommand->queryRow()
#2 /var/www/app/protected/controllers/ListController.php(28): ListController->getMaxHistoryStep()
#3 /var/www/framework/web/actions/CInlineAction.php(49): ListController->actionData()
#4 /var/www/framework/web/CController.php(308): CInlineAction->runWithParams(Array)
#5 /var/www/framework/web/CController.php(286): CController->runAction(Object(CInlineAction))
#6 /var/www/framework/web/CController.php(265): CController->runActionWithFilters(Object(CInlineAction), Array)
#7 /var/www/framework/web/CWebApplication.php(282): CController->run('data')
#8 /var/www/framework/web/CWebApplication.php(141): CWebApplication->runController('list/data')
#9 /var/www/framework/base/CApplication.php(184): CWebApplication->processRequest()
#10 /var/www/app/index.php(13): CApplication->run()
#11 {main}
REQUEST_URI=/index.php?r=list/data
HTTP_REFERER=http://app.my/index.php?r=list/index
---
2014/02/13 17:09:06 [error] [system.db.CDbCommand] CDbCommand::fetch() failed: SQLSTATE[42S02]: Base table or view not found: 1146 Table 'test.history' doesn't exist. The SQL statement executed was: select max(step) as m from history where status = 1.
in /var/www/app/protected/components/behaviors/DataBehavior.php (18)
in /var/www/app/protected/components/behaviors/DataBehavior.php (11)
in /var/www/app/protected/controllers/ListController.php (67)
2014/02/13 17:09:06 [error] [exception.CDbException] exception 'CDbException' with message 'CDbCommand failed to execute the SQL statement: SQLSTATE[42S02]: Base table or view not found: 1146 Table 'test.history' doesn't exist. The SQL statement executed was: select max(step) as m from history where status = 1' in /var/www/framework/db/CDbCommand.php:543
Stack trace:
#0 /var/www/framework/db/CDbCommand.php(415): CDbCommand->queryInternal('fetch', Array, Array)
#1 /var/www/app/protected/components/behaviors/DataBehavior.php(18): CDbCommand->queryRow()
#2 /var/www/app/protected/components/behaviors/DataBehavior.php(11): DataBehavior->getNextStep()
#3 /var/www/framework/base/CComponent.php(561): DataBehavior->afterSave(Object(CEvent))
#4 /var/www/framework/db/ar/CActiveRecord.php(852): CComponent->raiseEvent('onAfterSave', Object(CEvent))
#5 /var/www/framework/db/ar/CActiveRecord.php(961): CActiveRecord->onAfterSave(Object(CEvent))
#6 /var/www/framework/db/ar/CActiveRecord.php(1129): CActiveRecord->afterSave()
#7 /var/www/framework/db/ar/CActiveRecord.php(809): CActiveRecord->update(NULL)
#8 /var/www/app/protected/controllers/ListController.php(67): CActiveRecord->save()
#9 /var/www/framework/web/actions/CInlineAction.php(49): ListController->actionSave()
#10 /var/www/framework/web/CController.php(308): CInlineAction->runWithParams(Array)
#11 /var/www/framework/web/CController.php(286): CController->runAction(Object(CInlineAction))
#12 /var/www/framework/web/CController.php(265): CController->runActionWithFilters(Object(CInlineAction), Array)
#13 /var/www/framework/web/CWebApplication.php(282): CController->run('save')
#14 /var/www/framework/web/CWebApplication.php(141): CWebApplication->runController('list/save')
#15 /var/www/framework/base/CApplication.php(184): CWebApplication->processRequest()
#16 /var/www/app/index.php(13): CApplication->run()
#17 {main}
REQUEST_URI=/index.php?r=list/save
HTTP_REFERER=http://app.my/index.php?r=list/index
---
2014/02/13 17:10:58 [error] [php] Object of class Data could not be converted to string (/var/www/framework/db/CDbCommand.php:337)
Stack trace:
#0 /var/www/app/protected/controllers/ListController.php(93): CDbCommand->update()
#1 /var/www/framework/web/actions/CInlineAction.php(49): ListController->actionUpdate()
#2 /var/www/framework/web/CController.php(308): CInlineAction->runWithParams()
#3 /var/www/framework/web/CController.php(286): ListController->runAction()
#4 /var/www/framework/web/CController.php(265): ListController->runActionWithFilters()
#5 /var/www/framework/web/CWebApplication.php(282): ListController->run()
#6 /var/www/framework/web/CWebApplication.php(141): CWebApplication->runController()
#7 /var/www/framework/base/CApplication.php(184): CWebApplication->processRequest()
#8 /var/www/app/index.php(13): CWebApplication->run()
REQUEST_URI=/index.php?r=list/update
in /var/www/app/protected/controllers/ListController.php (93)
in /var/www/app/index.php (13)
2014/02/13 17:36:32 [error] [system.db.CDbCommand] CDbCommand::fetchAll() failed: SQLSTATE[HY093]: Invalid parameter number: no parameters were bound. The SQL statement executed was: SELECT `item_id` AS `id`, `text`
FROM `hist`
WHERE step <= :step
GROUP BY `item_id`
ORDER BY `id` DESC.
in /var/www/app/protected/controllers/ListController.php (47)
in /var/www/app/index.php (13)
2014/02/13 17:36:32 [error] [exception.CDbException] exception 'CDbException' with message 'CDbCommand failed to execute the SQL statement: SQLSTATE[HY093]: Invalid parameter number: no parameters were bound. The SQL statement executed was: SELECT `item_id` AS `id`, `text`
FROM `hist`
WHERE step <= :step
GROUP BY `item_id`
ORDER BY `id` DESC' in /var/www/framework/db/CDbCommand.php:543
Stack trace:
#0 /var/www/framework/db/CDbCommand.php(396): CDbCommand->queryInternal('fetchAll', Array, Array)
#1 /var/www/app/protected/controllers/ListController.php(47): CDbCommand->queryAll()
#2 /var/www/framework/web/actions/CInlineAction.php(49): ListController->actionData()
#3 /var/www/framework/web/CController.php(308): CInlineAction->runWithParams(Array)
#4 /var/www/framework/web/CController.php(286): CController->runAction(Object(CInlineAction))
#5 /var/www/framework/web/CController.php(265): CController->runActionWithFilters(Object(CInlineAction), Array)
#6 /var/www/framework/web/CWebApplication.php(282): CController->run('data')
#7 /var/www/framework/web/CWebApplication.php(141): CWebApplication->runController('list/data')
#8 /var/www/framework/base/CApplication.php(184): CWebApplication->processRequest()
#9 /var/www/app/index.php(13): CApplication->run()
#10 {main}
REQUEST_URI=/index.php?r=list/data
HTTP_REFERER=http://app.my/index.php?r=list/index
---
2014/02/13 17:42:58 [error] [system.db.CDbCommand] CDbCommand::fetchAll() failed: SQLSTATE[42S22]: Column not found: 1054 Unknown column 'item_id desc' in 'group statement'. The SQL statement executed was: SELECT `item_id` AS `id`, `text`
FROM `hist`
WHERE step <= :step
GROUP BY `item_id desc`
ORDER BY `id` DESC.
in /var/www/app/protected/controllers/ListController.php (47)
in /var/www/app/index.php (13)
2014/02/13 17:42:58 [error] [exception.CDbException] exception 'CDbException' with message 'CDbCommand failed to execute the SQL statement: SQLSTATE[42S22]: Column not found: 1054 Unknown column 'item_id desc' in 'group statement'. The SQL statement executed was: SELECT `item_id` AS `id`, `text`
FROM `hist`
WHERE step <= :step
GROUP BY `item_id desc`
ORDER BY `id` DESC' in /var/www/framework/db/CDbCommand.php:543
Stack trace:
#0 /var/www/framework/db/CDbCommand.php(396): CDbCommand->queryInternal('fetchAll', Array, Array)
#1 /var/www/app/protected/controllers/ListController.php(47): CDbCommand->queryAll()
#2 /var/www/framework/web/actions/CInlineAction.php(49): ListController->actionData()
#3 /var/www/framework/web/CController.php(308): CInlineAction->runWithParams(Array)
#4 /var/www/framework/web/CController.php(286): CController->runAction(Object(CInlineAction))
#5 /var/www/framework/web/CController.php(265): CController->runActionWithFilters(Object(CInlineAction), Array)
#6 /var/www/framework/web/CWebApplication.php(282): CController->run('data')
#7 /var/www/framework/web/CWebApplication.php(141): CWebApplication->runController('list/data')
#8 /var/www/framework/base/CApplication.php(184): CWebApplication->processRequest()
#9 /var/www/app/index.php(13): CApplication->run()
#10 {main}
REQUEST_URI=/index.php?r=list/data
HTTP_REFERER=http://app.my/index.php?r=list/index
---
2014/02/13 17:54:06 [error] [system.db.CDbCommand] CDbCommand::fetchAll() failed: SQLSTATE[42000]: Syntax error or access violation: 1248 Every derived table must have its own alias. The SQL statement executed was: select item_id as id, text from (select * from hist where status > 0 order by step desc) group by item_id order by priority asc.
in /var/www/app/protected/controllers/ListController.php (49)
in /var/www/app/index.php (13)
2014/02/13 17:54:06 [error] [exception.CDbException] exception 'CDbException' with message 'CDbCommand failed to execute the SQL statement: SQLSTATE[42000]: Syntax error or access violation: 1248 Every derived table must have its own alias. The SQL statement executed was: select item_id as id, text from (select * from hist where status > 0 order by step desc) group by item_id order by priority asc' in /var/www/framework/db/CDbCommand.php:543
Stack trace:
#0 /var/www/framework/db/CDbCommand.php(396): CDbCommand->queryInternal('fetchAll', Array, Array)
#1 /var/www/app/protected/controllers/ListController.php(49): CDbCommand->queryAll()
#2 /var/www/framework/web/actions/CInlineAction.php(49): ListController->actionData()
#3 /var/www/framework/web/CController.php(308): CInlineAction->runWithParams(Array)
#4 /var/www/framework/web/CController.php(286): CController->runAction(Object(CInlineAction))
#5 /var/www/framework/web/CController.php(265): CController->runActionWithFilters(Object(CInlineAction), Array)
#6 /var/www/framework/web/CWebApplication.php(282): CController->run('data')
#7 /var/www/framework/web/CWebApplication.php(141): CWebApplication->runController('list/data')
#8 /var/www/framework/base/CApplication.php(184): CWebApplication->processRequest()
#9 /var/www/app/index.php(13): CApplication->run()
#10 {main}
REQUEST_URI=/index.php?r=list/data
HTTP_REFERER=http://app.my/index.php?r=list/index
---
2014/02/13 17:54:08 [error] [system.db.CDbCommand] CDbCommand::fetchAll() failed: SQLSTATE[42000]: Syntax error or access violation: 1248 Every derived table must have its own alias. The SQL statement executed was: select item_id as id, text from (select * from hist where status > 0 order by step desc) group by item_id order by priority asc.
in /var/www/app/protected/controllers/ListController.php (49)
in /var/www/app/index.php (13)
2014/02/13 17:54:08 [error] [exception.CDbException] exception 'CDbException' with message 'CDbCommand failed to execute the SQL statement: SQLSTATE[42000]: Syntax error or access violation: 1248 Every derived table must have its own alias. The SQL statement executed was: select item_id as id, text from (select * from hist where status > 0 order by step desc) group by item_id order by priority asc' in /var/www/framework/db/CDbCommand.php:543
Stack trace:
#0 /var/www/framework/db/CDbCommand.php(396): CDbCommand->queryInternal('fetchAll', Array, Array)
#1 /var/www/app/protected/controllers/ListController.php(49): CDbCommand->queryAll()
#2 /var/www/framework/web/actions/CInlineAction.php(49): ListController->actionData()
#3 /var/www/framework/web/CController.php(308): CInlineAction->runWithParams(Array)
#4 /var/www/framework/web/CController.php(286): CController->runAction(Object(CInlineAction))
#5 /var/www/framework/web/CController.php(265): CController->runActionWithFilters(Object(CInlineAction), Array)
#6 /var/www/framework/web/CWebApplication.php(282): CController->run('data')
#7 /var/www/framework/web/CWebApplication.php(141): CWebApplication->runController('list/data')
#8 /var/www/framework/base/CApplication.php(184): CWebApplication->processRequest()
#9 /var/www/app/index.php(13): CApplication->run()
#10 {main}
REQUEST_URI=/index.php?r=list/data
HTTP_REFERER=http://app.my/index.php?r=list/index
---
2014/02/13 18:21:08 [error] [exception.CException] exception 'CException' with message 'Alias "application.components.behaviors.DHistBehavior" is invalid. Make sure it points to an existing PHP file and the file is readable.' in /var/www/framework/YiiBase.php:323
Stack trace:
#0 /var/www/framework/YiiBase.php(196): YiiBase::import('application.com...', true)
#1 /var/www/framework/base/CComponent.php(329): YiiBase::createComponent(Array)
#2 /var/www/framework/base/CComponent.php(298): CComponent->attachBehavior('HistBehavior', Array)
#3 /var/www/framework/db/ar/CActiveRecord.php(396): CComponent->attachBehaviors(Array)
#4 /var/www/app/protected/models/Data.php(111): CActiveRecord::model('Data')
#5 /var/www/app/protected/controllers/ListController.php(53): Data::model()
#6 /var/www/framework/web/actions/CInlineAction.php(49): ListController->actionData()
#7 /var/www/framework/web/CController.php(308): CInlineAction->runWithParams(Array)
#8 /var/www/framework/web/CController.php(286): CController->runAction(Object(CInlineAction))
#9 /var/www/framework/web/CController.php(265): CController->runActionWithFilters(Object(CInlineAction), Array)
#10 /var/www/framework/web/CWebApplication.php(282): CController->run('data')
#11 /var/www/framework/web/CWebApplication.php(141): CWebApplication->runController('list/data')
#12 /var/www/framework/base/CApplication.php(184): CWebApplication->processRequest()
#13 /var/www/app/index.php(13): CApplication->run()
#14 {main}
REQUEST_URI=/index.php?r=list/data
HTTP_REFERER=http://app.my/index.php?r=list/index
---
2014/02/13 18:21:21 [error] [exception.CException] exception 'CException' with message 'Property "HistBehavior.field" is not defined.' in /var/www/framework/base/CComponent.php:173
Stack trace:
#0 /var/www/framework/YiiBase.php(220): CComponent->__set('field', 'priority')
#1 /var/www/framework/base/CComponent.php(329): YiiBase::createComponent(Array)
#2 /var/www/framework/base/CComponent.php(298): CComponent->attachBehavior('HistBehavior', Array)
#3 /var/www/framework/db/ar/CActiveRecord.php(396): CComponent->attachBehaviors(Array)
#4 /var/www/app/protected/models/Data.php(111): CActiveRecord::model('Data')
#5 /var/www/app/protected/controllers/ListController.php(53): Data::model()
#6 /var/www/framework/web/actions/CInlineAction.php(49): ListController->actionData()
#7 /var/www/framework/web/CController.php(308): CInlineAction->runWithParams(Array)
#8 /var/www/framework/web/CController.php(286): CController->runAction(Object(CInlineAction))
#9 /var/www/framework/web/CController.php(265): CController->runActionWithFilters(Object(CInlineAction), Array)
#10 /var/www/framework/web/CWebApplication.php(282): CController->run('data')
#11 /var/www/framework/web/CWebApplication.php(141): CWebApplication->runController('list/data')
#12 /var/www/framework/base/CApplication.php(184): CWebApplication->processRequest()
#13 /var/www/app/index.php(13): CApplication->run()
#14 {main}
REQUEST_URI=/index.php?r=list/data
HTTP_REFERER=http://app.my/index.php?r=list/index
---
2014/02/13 18:25:44 [error] [exception.CException] exception 'CException' with message 'Property "HistBehavior.attrName" is not defined.' in /var/www/framework/base/CComponent.php:130
Stack trace:
#0 /var/www/app/protected/components/behaviors/HistBehavior.php(24): CComponent->__get('attrName')
#1 /var/www/framework/base/CComponent.php(561): HistBehavior->afterSave(Object(CEvent))
#2 /var/www/framework/db/ar/CActiveRecord.php(852): CComponent->raiseEvent('onAfterSave', Object(CEvent))
#3 /var/www/framework/db/ar/CActiveRecord.php(961): CActiveRecord->onAfterSave(Object(CEvent))
#4 /var/www/framework/db/ar/CActiveRecord.php(1129): CActiveRecord->afterSave()
#5 /var/www/framework/db/ar/CActiveRecord.php(809): CActiveRecord->update(NULL)
#6 /var/www/app/protected/controllers/ListController.php(92): CActiveRecord->save()
#7 /var/www/framework/web/actions/CInlineAction.php(49): ListController->actionSave()
#8 /var/www/framework/web/CController.php(308): CInlineAction->runWithParams(Array)
#9 /var/www/framework/web/CController.php(286): CController->runAction(Object(CInlineAction))
#10 /var/www/framework/web/CController.php(265): CController->runActionWithFilters(Object(CInlineAction), Array)
#11 /var/www/framework/web/CWebApplication.php(282): CController->run('save')
#12 /var/www/framework/web/CWebApplication.php(141): CWebApplication->runController('list/save')
#13 /var/www/framework/base/CApplication.php(184): CWebApplication->processRequest()
#14 /var/www/app/index.php(13): CApplication->run()
#15 {main}
REQUEST_URI=/index.php?r=list/save
HTTP_REFERER=http://app.my/index.php?r=list/index
---
2014/02/13 18:33:23 [error] [system.db.CDbCommand] CDbCommand::fetch() failed: SQLSTATE[42S22]: Column not found: 1054 Unknown column 'item_id' in 'where clause'. The SQL statement executed was: SELECT `priority`
FROM `data`
WHERE item_id = :id and model_name = :model and field_name = :field
ORDER BY `id` DESC.
in /var/www/app/protected/components/behaviors/HistBehavior.php (30)
in /var/www/app/protected/controllers/ListController.php (92)
in /var/www/app/index.php (13)
2014/02/13 18:33:23 [error] [exception.CDbException] exception 'CDbException' with message 'CDbCommand failed to execute the SQL statement: SQLSTATE[42S22]: Column not found: 1054 Unknown column 'item_id' in 'where clause'. The SQL statement executed was: SELECT `priority`
FROM `data`
WHERE item_id = :id and model_name = :model and field_name = :field
ORDER BY `id` DESC' in /var/www/framework/db/CDbCommand.php:543
Stack trace:
#0 /var/www/framework/db/CDbCommand.php(415): CDbCommand->queryInternal('fetch', Array, Array)
#1 /var/www/app/protected/components/behaviors/HistBehavior.php(30): CDbCommand->queryRow()
#2 /var/www/framework/base/CComponent.php(561): HistBehavior->afterSave(Object(CEvent))
#3 /var/www/framework/db/ar/CActiveRecord.php(852): CComponent->raiseEvent('onAfterSave', Object(CEvent))
#4 /var/www/framework/db/ar/CActiveRecord.php(961): CActiveRecord->onAfterSave(Object(CEvent))
#5 /var/www/framework/db/ar/CActiveRecord.php(1129): CActiveRecord->afterSave()
#6 /var/www/framework/db/ar/CActiveRecord.php(809): CActiveRecord->update(NULL)
#7 /var/www/app/protected/controllers/ListController.php(92): CActiveRecord->save()
#8 /var/www/framework/web/actions/CInlineAction.php(49): ListController->actionSave()
#9 /var/www/framework/web/CController.php(308): CInlineAction->runWithParams(Array)
#10 /var/www/framework/web/CController.php(286): CController->runAction(Object(CInlineAction))
#11 /var/www/framework/web/CController.php(265): CController->runActionWithFilters(Object(CInlineAction), Array)
#12 /var/www/framework/web/CWebApplication.php(282): CController->run('save')
#13 /var/www/framework/web/CWebApplication.php(141): CWebApplication->runController('list/save')
#14 /var/www/framework/base/CApplication.php(184): CWebApplication->processRequest()
#15 /var/www/app/index.php(13): CApplication->run()
#16 {main}
REQUEST_URI=/index.php?r=list/save
HTTP_REFERER=http://app.my/index.php?r=list/index
---
2014/02/13 18:34:11 [error] [system.db.CDbCommand] CDbCommand::fetch() failed: SQLSTATE[42S22]: Column not found: 1054 Unknown column 'model_name' in 'where clause'. The SQL statement executed was: SELECT `priority`
FROM `hist`
WHERE item_id = :id and model_name = :model and field_name = :field
ORDER BY `id` DESC.
in /var/www/app/protected/components/behaviors/HistBehavior.php (30)
in /var/www/app/protected/controllers/ListController.php (92)
in /var/www/app/index.php (13)
2014/02/13 18:34:11 [error] [exception.CDbException] exception 'CDbException' with message 'CDbCommand failed to execute the SQL statement: SQLSTATE[42S22]: Column not found: 1054 Unknown column 'model_name' in 'where clause'. The SQL statement executed was: SELECT `priority`
FROM `hist`
WHERE item_id = :id and model_name = :model and field_name = :field
ORDER BY `id` DESC' in /var/www/framework/db/CDbCommand.php:543
Stack trace:
#0 /var/www/framework/db/CDbCommand.php(415): CDbCommand->queryInternal('fetch', Array, Array)
#1 /var/www/app/protected/components/behaviors/HistBehavior.php(30): CDbCommand->queryRow()
#2 /var/www/framework/base/CComponent.php(561): HistBehavior->afterSave(Object(CEvent))
#3 /var/www/framework/db/ar/CActiveRecord.php(852): CComponent->raiseEvent('onAfterSave', Object(CEvent))
#4 /var/www/framework/db/ar/CActiveRecord.php(961): CActiveRecord->onAfterSave(Object(CEvent))
#5 /var/www/framework/db/ar/CActiveRecord.php(1129): CActiveRecord->afterSave()
#6 /var/www/framework/db/ar/CActiveRecord.php(809): CActiveRecord->update(NULL)
#7 /var/www/app/protected/controllers/ListController.php(92): CActiveRecord->save()
#8 /var/www/framework/web/actions/CInlineAction.php(49): ListController->actionSave()
#9 /var/www/framework/web/CController.php(308): CInlineAction->runWithParams(Array)
#10 /var/www/framework/web/CController.php(286): CController->runAction(Object(CInlineAction))
#11 /var/www/framework/web/CController.php(265): CController->runActionWithFilters(Object(CInlineAction), Array)
#12 /var/www/framework/web/CWebApplication.php(282): CController->run('save')
#13 /var/www/framework/web/CWebApplication.php(141): CWebApplication->runController('list/save')
#14 /var/www/framework/base/CApplication.php(184): CWebApplication->processRequest()
#15 /var/www/app/index.php(13): CApplication->run()
#16 {main}
REQUEST_URI=/index.php?r=list/save
HTTP_REFERER=http://app.my/index.php?r=list/index
---
2014/02/13 18:36:07 [error] [system.db.CDbCommand] CDbCommand::fetch() failed: SQLSTATE[42S22]: Column not found: 1054 Unknown column 'model_name' in 'where clause'. The SQL statement executed was: SELECT `priority`
FROM `hist`
WHERE item_id = :id and model_name = :model and field_name = :field
ORDER BY `id` DESC.
in /var/www/app/protected/components/behaviors/HistBehavior.php (30)
in /var/www/app/protected/controllers/ListController.php (92)
in /var/www/app/index.php (13)
2014/02/13 18:36:07 [error] [exception.CDbException] exception 'CDbException' with message 'CDbCommand failed to execute the SQL statement: SQLSTATE[42S22]: Column not found: 1054 Unknown column 'model_name' in 'where clause'. The SQL statement executed was: SELECT `priority`
FROM `hist`
WHERE item_id = :id and model_name = :model and field_name = :field
ORDER BY `id` DESC' in /var/www/framework/db/CDbCommand.php:543
Stack trace:
#0 /var/www/framework/db/CDbCommand.php(415): CDbCommand->queryInternal('fetch', Array, Array)
#1 /var/www/app/protected/components/behaviors/HistBehavior.php(30): CDbCommand->queryRow()
#2 /var/www/framework/base/CComponent.php(561): HistBehavior->afterSave(Object(CEvent))
#3 /var/www/framework/db/ar/CActiveRecord.php(852): CComponent->raiseEvent('onAfterSave', Object(CEvent))
#4 /var/www/framework/db/ar/CActiveRecord.php(961): CActiveRecord->onAfterSave(Object(CEvent))
#5 /var/www/framework/db/ar/CActiveRecord.php(1129): CActiveRecord->afterSave()
#6 /var/www/framework/db/ar/CActiveRecord.php(809): CActiveRecord->update(NULL)
#7 /var/www/app/protected/controllers/ListController.php(92): CActiveRecord->save()
#8 /var/www/framework/web/actions/CInlineAction.php(49): ListController->actionSave()
#9 /var/www/framework/web/CController.php(308): CInlineAction->runWithParams(Array)
#10 /var/www/framework/web/CController.php(286): CController->runAction(Object(CInlineAction))
#11 /var/www/framework/web/CController.php(265): CController->runActionWithFilters(Object(CInlineAction), Array)
#12 /var/www/framework/web/CWebApplication.php(282): CController->run('save')
#13 /var/www/framework/web/CWebApplication.php(141): CWebApplication->runController('list/save')
#14 /var/www/framework/base/CApplication.php(184): CWebApplication->processRequest()
#15 /var/www/app/index.php(13): CApplication->run()
#16 {main}
REQUEST_URI=/index.php?r=list/save
HTTP_REFERER=http://app.my/index.php?r=list/index
---
2014/02/13 18:37:23 [error] [system.db.CDbCommand] CDbCommand::fetch() failed: SQLSTATE[42S22]: Column not found: 1054 Unknown column 'priority' in 'field list'. The SQL statement executed was: SELECT `priority`
FROM `behavior`
WHERE item_id = :id and model_name = :model and field_name = :field
ORDER BY `id` DESC.
in /var/www/app/protected/components/behaviors/HistBehavior.php (30)
in /var/www/app/protected/controllers/ListController.php (92)
in /var/www/app/index.php (13)
2014/02/13 18:37:23 [error] [exception.CDbException] exception 'CDbException' with message 'CDbCommand failed to execute the SQL statement: SQLSTATE[42S22]: Column not found: 1054 Unknown column 'priority' in 'field list'. The SQL statement executed was: SELECT `priority`
FROM `behavior`
WHERE item_id = :id and model_name = :model and field_name = :field
ORDER BY `id` DESC' in /var/www/framework/db/CDbCommand.php:543
Stack trace:
#0 /var/www/framework/db/CDbCommand.php(415): CDbCommand->queryInternal('fetch', Array, Array)
#1 /var/www/app/protected/components/behaviors/HistBehavior.php(30): CDbCommand->queryRow()
#2 /var/www/framework/base/CComponent.php(561): HistBehavior->afterSave(Object(CEvent))
#3 /var/www/framework/db/ar/CActiveRecord.php(852): CComponent->raiseEvent('onAfterSave', Object(CEvent))
#4 /var/www/framework/db/ar/CActiveRecord.php(961): CActiveRecord->onAfterSave(Object(CEvent))
#5 /var/www/framework/db/ar/CActiveRecord.php(1129): CActiveRecord->afterSave()
#6 /var/www/framework/db/ar/CActiveRecord.php(809): CActiveRecord->update(NULL)
#7 /var/www/app/protected/controllers/ListController.php(92): CActiveRecord->save()
#8 /var/www/framework/web/actions/CInlineAction.php(49): ListController->actionSave()
#9 /var/www/framework/web/CController.php(308): CInlineAction->runWithParams(Array)
#10 /var/www/framework/web/CController.php(286): CController->runAction(Object(CInlineAction))
#11 /var/www/framework/web/CController.php(265): CController->runActionWithFilters(Object(CInlineAction), Array)
#12 /var/www/framework/web/CWebApplication.php(282): CController->run('save')
#13 /var/www/framework/web/CWebApplication.php(141): CWebApplication->runController('list/save')
#14 /var/www/framework/base/CApplication.php(184): CWebApplication->processRequest()
#15 /var/www/app/index.php(13): CApplication->run()
#16 {main}
REQUEST_URI=/index.php?r=list/save
HTTP_REFERER=http://app.my/index.php?r=list/index
---
2014/02/13 18:41:21 [error] [php] date() expects at least 1 parameter, 0 given (/var/www/app/protected/components/behaviors/HistBehavior.php:38)
Stack trace:
#0 /var/www/framework/db/ar/CActiveRecord.php(852): Data->raiseEvent()
#1 /var/www/framework/db/ar/CActiveRecord.php(961): Data->onAfterSave()
#2 /var/www/framework/db/ar/CActiveRecord.php(1129): Data->afterSave()
#3 /var/www/framework/db/ar/CActiveRecord.php(809): Data->update()
#4 /var/www/app/protected/controllers/ListController.php(120): Data->save()
#5 /var/www/framework/web/actions/CInlineAction.php(49): ListController->actionUpdate()
#6 /var/www/framework/web/CController.php(308): CInlineAction->runWithParams()
#7 /var/www/framework/web/CController.php(286): ListController->runAction()
#8 /var/www/framework/web/CController.php(265): ListController->runActionWithFilters()
#9 /var/www/framework/web/CWebApplication.php(282): ListController->run()
#10 /var/www/framework/web/CWebApplication.php(141): CWebApplication->runController()
#11 /var/www/framework/base/CApplication.php(184): CWebApplication->processRequest()
#12 /var/www/app/index.php(13): CWebApplication->run()
REQUEST_URI=/index.php?r=list/update
in /var/www/app/protected/components/behaviors/HistBehavior.php (38)
in /var/www/app/protected/controllers/ListController.php (120)
in /var/www/app/index.php (13)
